<?xml version="1.0" encoding="UTF-8"?>
<!-- Generated by org.testng.reporters.JUnitXMLReporter -->
<testsuite ignored="0" hostname="LAPTOP-L57128JD" failures="0" tests="3" name="Surefire test" time="12.455" errors="0" timestamp="2023-10-13T18:48:55 GMT-04:00">
  <testcase classname="com.qa.opencart.tests.HomePageTest" name="homePageTitleTest" time="0.013"/>
  <testcase classname="com.qa.opencart.tests.HomePageTest" name="homePageURLTest" time="0.0"/>
  <testcase classname="com.qa.opencart.tests.HomePageTest" name="searchTest" time="0.66"/>
</testsuite> <!-- Surefire test -->
