<?xml version="1.0" encoding="UTF-8"?>
<!-- Generated by org.testng.reporters.JUnitXMLReporter -->
<testsuite ignored="0" hostname="LAPTOP-L57128JD" failures="0" tests="3" name="Default test" time="23.359" errors="0" timestamp="2023-10-14T13:13:07 GMT-04:00">
  <testcase classname="com.qa.opencart.tests.LoginPageTest" name="loginPageNavigationTest" time="2.68"/>
  <testcase classname="com.qa.opencart.tests.LoginPageTest" name="ForgetPasswordLinkExistTest" time="0.017"/>
  <testcase classname="com.qa.opencart.tests.LoginPageTest" name="appLoginTest" time="10.807"/>
</testsuite> <!-- Default test -->
