<?xml version="1.0" encoding="UTF-8"?>
<!-- Generated by org.testng.reporters.JUnitXMLReporter -->
<testsuite ignored="0" hostname="LAPTOP-L57128JD" failures="0" tests="5" name="Home Page Test2" time="19.788" errors="0" timestamp="2023-10-15T18:41:56 GMT-04:00">
  <testcase classname="com.qa.opencart.tests.HomePageTest" name="homePageTitleTest" time="0.029"/>
  <testcase classname="com.qa.opencart.tests.HomePageTest" name="homePageURLTest" time="0.002"/>
  <testcase classname="com.qa.opencart.tests.HomePageTest" name="searchTest" time="2.18"/>
  <testcase classname="com.qa.opencart.tests.HomePageTest" name="searchTest" time="0.571"/>
  <testcase classname="com.qa.opencart.tests.HomePageTest" name="searchTest" time="0.667"/>
</testsuite> <!-- Home Page Test2 -->
