<?xml version="1.0" encoding="UTF-8"?>
<!-- Generated by org.testng.reporters.JUnitXMLReporter -->
<testsuite ignored="0" hostname="LAPTOP-L57128JD" failures="0" tests="5" name="Home Page Test2" time="24.678" errors="0" timestamp="2023-10-15T16:36:16 GMT-04:00">
  <testcase classname="com.qa.opencart.tests.HomePageTest" name="homePageTitleTest" time="0.812"/>
  <testcase classname="com.qa.opencart.tests.HomePageTest" name="homePageURLTest" time="0.803"/>
  <testcase classname="com.qa.opencart.tests.HomePageTest" name="searchTest" time="2.568"/>
  <testcase classname="com.qa.opencart.tests.HomePageTest" name="searchTest" time="0.571"/>
  <testcase classname="com.qa.opencart.tests.HomePageTest" name="searchTest" time="0.528"/>
</testsuite> <!-- Home Page Test2 -->
