<?xml version="1.0" encoding="UTF-8"?>
<!-- Generated by org.testng.reporters.JUnitXMLReporter -->
<testsuite ignored="0" hostname="LAPTOP-L57128JD" failures="0" tests="5" name="Home Page Test2" time="27.92" errors="0" timestamp="2023-10-15T18:41:09 GMT-04:00">
  <testcase classname="com.qa.opencart.tests.HomePageTest" name="homePageTitleTest" time="0.132"/>
  <testcase classname="com.qa.opencart.tests.HomePageTest" name="homePageURLTest" time="0.004"/>
  <testcase classname="com.qa.opencart.tests.HomePageTest" name="searchTest" time="1.938"/>
  <testcase classname="com.qa.opencart.tests.HomePageTest" name="searchTest" time="2.713"/>
  <testcase classname="com.qa.opencart.tests.HomePageTest" name="searchTest" time="2.485"/>
</testsuite> <!-- Home Page Test2 -->
