<?xml version="1.0" encoding="UTF-8"?>
<!-- Generated by org.testng.reporters.JUnitXMLReporter -->
<testsuite ignored="0" hostname="LAPTOP-L57128JD" failures="0" tests="3" name="Login to Home Page Test2" time="25.764" errors="0" timestamp="2023-10-15T07:57:09 GMT-04:00">
  <testcase classname="com.qa.opencart.tests.LoginPageTest" name="loginPageNavigationTest" time="3.238"/>
  <testcase classname="com.qa.opencart.tests.LoginPageTest" name="ForgetPasswordLinkExistTest" time="0.171"/>
  <testcase classname="com.qa.opencart.tests.LoginPageTest" name="appLoginTest" time="11.02"/>
</testsuite> <!-- Login to Home Page Test2 -->
