<?xml version="1.0" encoding="UTF-8"?>
<!-- Generated by org.testng.reporters.JUnitXMLReporter -->
<testsuite ignored="0" hostname="LAPTOP-L57128JD" failures="0" tests="3" name="Login Page Test2" time="47.322" errors="0" timestamp="2023-10-15T12:14:32 GMT-04:00">
  <testcase classname="com.qa.opencart.tests.LoginPageTest" name="loginPageNavigationTest" time="4.439"/>
  <testcase classname="com.qa.opencart.tests.LoginPageTest" name="ForgetPasswordLinkExistTest" time="0.16"/>
  <testcase classname="com.qa.opencart.tests.LoginPageTest" name="appLoginTest" time="12.544"/>
</testsuite> <!-- Login Page Test2 -->
