<?xml version="1.0" encoding="UTF-8"?>
<!-- Generated by org.testng.reporters.JUnitXMLReporter -->
<testsuite ignored="0" hostname="LAPTOP-L57128JD" failures="0" tests="5" name="Search on Home Page Test1" time="16.725" errors="0" timestamp="2023-10-15T08:41:32 GMT-04:00">
  <testcase classname="com.qa.opencart.tests.HomePageTest" name="homePageTitleTest" time="0.02"/>
  <testcase classname="com.qa.opencart.tests.HomePageTest" name="homePageURLTest" time="0.003"/>
  <testcase classname="com.qa.opencart.tests.HomePageTest" name="searchTest" time="0.686"/>
  <testcase classname="com.qa.opencart.tests.HomePageTest" name="searchTest" time="0.706"/>
  <testcase classname="com.qa.opencart.tests.HomePageTest" name="searchTest" time="0.594"/>
</testsuite> <!-- Search on Home Page Test1 -->
