<?xml version="1.0" encoding="UTF-8"?>
<!-- Generated by org.testng.reporters.JUnitXMLReporter -->
<testsuite ignored="0" hostname="LAPTOP-L57128JD" failures="0" tests="5" name="Search on Home Page Test_chrome" time="10.276" errors="0" timestamp="2023-10-13T21:33:09 GMT-04:00">
  <testcase classname="com.qa.opencart.tests.HomePageTest" name="homePageTitleTest" time="0.019"/>
  <testcase classname="com.qa.opencart.tests.HomePageTest" name="homePageURLTest" time="0.001"/>
  <testcase classname="com.qa.opencart.tests.HomePageTest" name="searchTest" time="0.645"/>
  <testcase classname="com.qa.opencart.tests.HomePageTest" name="searchTest" time="0.636"/>
  <testcase classname="com.qa.opencart.tests.HomePageTest" name="searchTest" time="0.483"/>
</testsuite> <!-- Search on Home Page Test_chrome -->
