<?xml version="1.0" encoding="UTF-8"?>
<testsuite xmlns:xsi="http://www.w3.org/2001/XMLSchema-instance" xsi:noNamespaceSchemaLocation="https://maven.apache.org/surefire/maven-surefire-plugin/xsd/surefire-test-report.xsd" name="com.qa.opencart.tests.HomePageTest" time="13.421" tests="3" errors="0" skipped="0" failures="0">
  <properties>
[...]
</properties>
  <testcase name="homePageTitleTest" classname="com.qa.opencart.tests.HomePageTest" time="0.015"/>
  <testcase name="homePageURLTest" classname="com.qa.opencart.tests.HomePageTest" time="0"/>
  <testcase name="searchTest" classname="com.qa.opencart.tests.HomePageTest" time="0.66"/>
</testsuite>