<?xml version="1.0" encoding="UTF-8"?>
<testsuite xmlns:xsi="http://www.w3.org/2001/XMLSchema-instance" xsi:noNamespaceSchemaLocation="https://maven.apache.org/surefire/maven-surefire-plugin/xsd/surefire-test-report.xsd" name="TestSuite" time="36.613" tests="16" errors="0" skipped="0" failures="0">
  <properties>
[...]
</properties>
  <testcase name="homePageTitleTest" classname="com.qa.opencart.tests.HomePageTest" time="0.707"/>
  <testcase name="homePageTitleTest" classname="com.qa.opencart.tests.HomePageTest" time="1.013"/>
  <testcase name="homePageURLTest" classname="com.qa.opencart.tests.HomePageTest" time="0.347"/>
  <testcase name="homePageURLTest" classname="com.qa.opencart.tests.HomePageTest" time="0.457"/>
  <testcase name="searchTest" classname="com.qa.opencart.tests.HomePageTest" time="0.183"/>
  <testcase name="searchTest" classname="com.qa.opencart.tests.HomePageTest" time="0.79"/>
  <testcase name="searchTest" classname="com.qa.opencart.tests.HomePageTest" time="0.541"/>
  <testcase name="searchTest" classname="com.qa.opencart.tests.HomePageTest" time="0.275"/>
  <testcase name="searchTest" classname="com.qa.opencart.tests.HomePageTest" time="1.464"/>
  <testcase name="searchTest" classname="com.qa.opencart.tests.HomePageTest" time="0.569"/>
  <testcase name="loginPageNavigationTest" classname="com.qa.opencart.tests.LoginPageTest" time="0.642"/>
  <testcase name="loginPageNavigationTest" classname="com.qa.opencart.tests.LoginPageTest" time="0.866"/>
  <testcase name="ForgetPasswordLinkExistTest" classname="com.qa.opencart.tests.LoginPageTest" time="0.266"/>
  <testcase name="ForgetPasswordLinkExistTest" classname="com.qa.opencart.tests.LoginPageTest" time="0.212"/>
  <testcase name="appLoginTest" classname="com.qa.opencart.tests.LoginPageTest" time="10.016"/>
  <testcase name="appLoginTest" classname="com.qa.opencart.tests.LoginPageTest" time="11.165"/>
</testsuite>