-------------------------------------------------------------------------------
Test set: TestSuite
-------------------------------------------------------------------------------
Tests run: 8, Failures: 8, Errors: 0, Skipped: 0, Time elapsed: 19.087 s <<< FAILURE! - in TestSuite
homePageTitleTest(com.qa.opencart.tests.HomePageTest)  Time elapsed: 0.013 s  <<< FAILURE!
java.lang.NullPointerException: Cannot invoke "com.qa.opencart.pages.HomePage.getHomePageTitle()" because "this.homePage" is null
	at com.qa.opencart.tests.HomePageTest.homePageTitleTest(HomePageTest.java:15)

homePageURLTest(com.qa.opencart.tests.HomePageTest)  Time elapsed: 0.004 s  <<< FAILURE!
java.lang.NullPointerException: Cannot invoke "com.qa.opencart.pages.HomePage.getHomePageURL()" because "this.homePage" is null
	at com.qa.opencart.tests.HomePageTest.homePageURLTest(HomePageTest.java:21)

searchTest(com.qa.opencart.tests.HomePageTest)  Time elapsed: 0.001 s  <<< FAILURE!
java.lang.NullPointerException: Cannot invoke "com.qa.opencart.pages.HomePage.doSearch(String)" because "this.homePage" is null
	at com.qa.opencart.tests.HomePageTest.searchTest(HomePageTest.java:36)

searchTest(com.qa.opencart.tests.HomePageTest)  Time elapsed: 0 s  <<< FAILURE!
java.lang.NullPointerException: Cannot invoke "com.qa.opencart.pages.HomePage.doSearch(String)" because "this.homePage" is null
	at com.qa.opencart.tests.HomePageTest.searchTest(HomePageTest.java:36)

searchTest(com.qa.opencart.tests.HomePageTest)  Time elapsed: 0 s  <<< FAILURE!
java.lang.NullPointerException: Cannot invoke "com.qa.opencart.pages.HomePage.doSearch(String)" because "this.homePage" is null
	at com.qa.opencart.tests.HomePageTest.searchTest(HomePageTest.java:36)

loginPageNavigationTest(com.qa.opencart.tests.LoginPageTest)  Time elapsed: 0.003 s  <<< FAILURE!
java.lang.NullPointerException: Cannot invoke "com.qa.opencart.pages.HomePage.navigateToLoginPage()" because "this.homePage" is null
	at com.qa.opencart.tests.LoginPageTest.loginPageNavigationTest(LoginPageTest.java:13)

ForgetPasswordLinkExistTest(com.qa.opencart.tests.LoginPageTest)  Time elapsed: 0.004 s  <<< FAILURE!
java.lang.NullPointerException: Cannot invoke "com.qa.opencart.pages.LoginPage.isForgotPwdLinkExist()" because "this.loginPage" is null
	at com.qa.opencart.tests.LoginPageTest.ForgetPasswordLinkExistTest(LoginPageTest.java:22)

appLoginTest(com.qa.opencart.tests.LoginPageTest)  Time elapsed: 0.001 s  <<< FAILURE!
java.lang.NullPointerException: Cannot invoke "java.util.Properties.getProperty(String)" because "this.prop" is null
	at com.qa.opencart.tests.LoginPageTest.appLoginTest(LoginPageTest.java:27)

