<?xml version="1.0" encoding="UTF-8"?>
<testng-results ignored="0" total="8" passed="8" failed="0" skipped="0">
  <reporter-output>
  </reporter-output>
  <suite started-at="2023-10-15T10:07:47 GMT-04:00" name="Open Cart Test Regression PW Suite" finished-at="2023-10-15T10:08:16 GMT-04:00" duration-ms="28457">
    <groups>
    </groups>
    <test started-at="2023-10-15T10:07:47 GMT-04:00" name="Search on Home Page Test1" finished-at="2023-10-15T10:08:05 GMT-04:00" duration-ms="17081">
      <class name="com.qa.opencart.tests.HomePageTest">
        <test-method is-config="true" signature="setup()[pri:0, instance:com.qa.opencart.tests.HomePageTest@5b11a194]" started-at="2023-10-15T10:07:48 GMT-04:00" name="setup" finished-at="2023-10-15T10:08:00 GMT-04:00" duration-ms="12434" status="PASS">
          <reporter-output>
          </reporter-output>
        </test-method> <!-- setup -->
        <test-method signature="homePageTitleTest()[pri:0, instance:com.qa.opencart.tests.HomePageTest@5b11a194]" started-at="2023-10-15T10:08:00 GMT-04:00" name="homePageTitleTest" finished-at="2023-10-15T10:08:00 GMT-04:00" duration-ms="29" status="PASS">
          <reporter-output>
          </reporter-output>
        </test-method> <!-- homePageTitleTest -->
        <test-method signature="homePageURLTest()[pri:0, instance:com.qa.opencart.tests.HomePageTest@5b11a194]" started-at="2023-10-15T10:08:01 GMT-04:00" name="homePageURLTest" finished-at="2023-10-15T10:08:01 GMT-04:00" duration-ms="2" status="PASS">
          <reporter-output>
          </reporter-output>
        </test-method> <!-- homePageURLTest -->
        <test-method signature="searchTest(java.lang.String)[pri:0, instance:com.qa.opencart.tests.HomePageTest@5b11a194]" started-at="2023-10-15T10:08:01 GMT-04:00" name="searchTest" data-provider="getProductData" finished-at="2023-10-15T10:08:02 GMT-04:00" duration-ms="743" status="PASS">
          <params>
            <param index="0">
              <value>
                <![CDATA[macbook]]>
              </value>
            </param>
          </params>
          <reporter-output>
          </reporter-output>
        </test-method> <!-- searchTest -->
        <test-method signature="searchTest(java.lang.String)[pri:0, instance:com.qa.opencart.tests.HomePageTest@5b11a194]" started-at="2023-10-15T10:08:02 GMT-04:00" name="searchTest" data-provider="getProductData" finished-at="2023-10-15T10:08:03 GMT-04:00" duration-ms="571" status="PASS">
          <params>
            <param index="0">
              <value>
                <![CDATA[imac]]>
              </value>
            </param>
          </params>
          <reporter-output>
          </reporter-output>
        </test-method> <!-- searchTest -->
        <test-method signature="searchTest(java.lang.String)[pri:0, instance:com.qa.opencart.tests.HomePageTest@5b11a194]" started-at="2023-10-15T10:08:03 GMT-04:00" name="searchTest" data-provider="getProductData" finished-at="2023-10-15T10:08:04 GMT-04:00" duration-ms="662" status="PASS">
          <params>
            <param index="0">
              <value>
                <![CDATA[samsung]]>
              </value>
            </param>
          </params>
          <reporter-output>
          </reporter-output>
        </test-method> <!-- searchTest -->
        <test-method is-config="true" signature="tearDown()[pri:0, instance:com.qa.opencart.tests.HomePageTest@5b11a194]" started-at="2023-10-15T10:08:04 GMT-04:00" name="tearDown" finished-at="2023-10-15T10:08:05 GMT-04:00" duration-ms="294" status="PASS">
          <reporter-output>
          </reporter-output>
        </test-method> <!-- tearDown -->
      </class> <!-- com.qa.opencart.tests.HomePageTest -->
    </test> <!-- Search on Home Page Test1 -->
    <test started-at="2023-10-15T10:07:47 GMT-04:00" name="Login to Home Page Test2" finished-at="2023-10-15T10:08:16 GMT-04:00" duration-ms="28457">
      <class name="com.qa.opencart.tests.LoginPageTest">
        <test-method is-config="true" signature="setup()[pri:0, instance:com.qa.opencart.tests.LoginPageTest@6cbcf243]" started-at="2023-10-15T10:07:48 GMT-04:00" name="setup" finished-at="2023-10-15T10:08:00 GMT-04:00" duration-ms="12911" status="PASS">
          <reporter-output>
          </reporter-output>
        </test-method> <!-- setup -->
        <test-method signature="loginPageNavigationTest()[pri:1, instance:com.qa.opencart.tests.LoginPageTest@6cbcf243]" started-at="2023-10-15T10:08:00 GMT-04:00" name="loginPageNavigationTest" finished-at="2023-10-15T10:08:04 GMT-04:00" duration-ms="3119" status="PASS">
          <reporter-output>
          </reporter-output>
        </test-method> <!-- loginPageNavigationTest -->
        <test-method signature="ForgetPasswordLinkExistTest()[pri:2, instance:com.qa.opencart.tests.LoginPageTest@6cbcf243]" started-at="2023-10-15T10:08:04 GMT-04:00" name="ForgetPasswordLinkExistTest" finished-at="2023-10-15T10:08:04 GMT-04:00" duration-ms="232" status="PASS">
          <reporter-output>
          </reporter-output>
        </test-method> <!-- ForgetPasswordLinkExistTest -->
        <test-method signature="appLoginTest()[pri:3, instance:com.qa.opencart.tests.LoginPageTest@6cbcf243]" started-at="2023-10-15T10:08:05 GMT-04:00" name="appLoginTest" finished-at="2023-10-15T10:08:16 GMT-04:00" duration-ms="10948" status="PASS">
          <reporter-output>
          </reporter-output>
        </test-method> <!-- appLoginTest -->
        <test-method is-config="true" signature="tearDown()[pri:0, instance:com.qa.opencart.tests.LoginPageTest@6cbcf243]" started-at="2023-10-15T10:08:16 GMT-04:00" name="tearDown" finished-at="2023-10-15T10:08:16 GMT-04:00" duration-ms="220" status="PASS">
          <reporter-output>
          </reporter-output>
        </test-method> <!-- tearDown -->
      </class> <!-- com.qa.opencart.tests.LoginPageTest -->
    </test> <!-- Login to Home Page Test2 -->
  </suite> <!-- Open Cart Test Regression PW Suite -->
</testng-results>
