<?xml version="1.0" encoding="UTF-8"?>
<testng-results ignored="0" total="8" passed="8" failed="0" skipped="0">
  <reporter-output>
  </reporter-output>
  <suite started-at="2023-10-14T20:51:08 GMT-04:00" name="Open Cart Test Regression PW Suite" finished-at="2023-10-14T20:51:33 GMT-04:00" duration-ms="24455">
    <groups>
    </groups>
    <test started-at="2023-10-14T20:51:08 GMT-04:00" name="Search on Home Page Test1" finished-at="2023-10-14T20:51:24 GMT-04:00" duration-ms="15917">
      <class name="com.qa.opencart.tests.HomePageTest">
        <test-method is-config="true" signature="setup(java.lang.String)[pri:0, instance:com.qa.opencart.tests.HomePageTest@773cbf4f]" started-at="2023-10-14T20:51:08 GMT-04:00" name="setup" finished-at="2023-10-14T20:51:20 GMT-04:00" duration-ms="11712" status="PASS">
          <params>
            <param index="0">
              <value>
                <![CDATA[firefox]]>
              </value>
            </param>
          </params>
          <reporter-output>
          </reporter-output>
        </test-method> <!-- setup -->
        <test-method signature="homePageTitleTest()[pri:0, instance:com.qa.opencart.tests.HomePageTest@773cbf4f]" started-at="2023-10-14T20:51:20 GMT-04:00" name="homePageTitleTest" finished-at="2023-10-14T20:51:20 GMT-04:00" duration-ms="18" status="PASS">
          <reporter-output>
          </reporter-output>
        </test-method> <!-- homePageTitleTest -->
        <test-method signature="homePageURLTest()[pri:0, instance:com.qa.opencart.tests.HomePageTest@773cbf4f]" started-at="2023-10-14T20:51:20 GMT-04:00" name="homePageURLTest" finished-at="2023-10-14T20:51:20 GMT-04:00" duration-ms="5" status="PASS">
          <reporter-output>
          </reporter-output>
        </test-method> <!-- homePageURLTest -->
        <test-method signature="searchTest(java.lang.String)[pri:0, instance:com.qa.opencart.tests.HomePageTest@773cbf4f]" started-at="2023-10-14T20:51:20 GMT-04:00" name="searchTest" data-provider="getProductData" finished-at="2023-10-14T20:51:21 GMT-04:00" duration-ms="1102" status="PASS">
          <params>
            <param index="0">
              <value>
                <![CDATA[macbook]]>
              </value>
            </param>
          </params>
          <reporter-output>
          </reporter-output>
        </test-method> <!-- searchTest -->
        <test-method signature="searchTest(java.lang.String)[pri:0, instance:com.qa.opencart.tests.HomePageTest@773cbf4f]" started-at="2023-10-14T20:51:22 GMT-04:00" name="searchTest" data-provider="getProductData" finished-at="2023-10-14T20:51:22 GMT-04:00" duration-ms="708" status="PASS">
          <params>
            <param index="0">
              <value>
                <![CDATA[imac]]>
              </value>
            </param>
          </params>
          <reporter-output>
          </reporter-output>
        </test-method> <!-- searchTest -->
        <test-method signature="searchTest(java.lang.String)[pri:0, instance:com.qa.opencart.tests.HomePageTest@773cbf4f]" started-at="2023-10-14T20:51:22 GMT-04:00" name="searchTest" data-provider="getProductData" finished-at="2023-10-14T20:51:23 GMT-04:00" duration-ms="661" status="PASS">
          <params>
            <param index="0">
              <value>
                <![CDATA[samsung]]>
              </value>
            </param>
          </params>
          <reporter-output>
          </reporter-output>
        </test-method> <!-- searchTest -->
        <test-method is-config="true" signature="tearDown()[pri:0, instance:com.qa.opencart.tests.HomePageTest@773cbf4f]" started-at="2023-10-14T20:51:23 GMT-04:00" name="tearDown" finished-at="2023-10-14T20:51:24 GMT-04:00" duration-ms="764" status="PASS">
          <reporter-output>
          </reporter-output>
        </test-method> <!-- tearDown -->
      </class> <!-- com.qa.opencart.tests.HomePageTest -->
    </test> <!-- Search on Home Page Test1 -->
    <test started-at="2023-10-14T20:51:08 GMT-04:00" name="Login to Home Page Test2" finished-at="2023-10-14T20:51:33 GMT-04:00" duration-ms="24455">
      <class name="com.qa.opencart.tests.LoginPageTest">
        <test-method is-config="true" signature="setup(java.lang.String)[pri:0, instance:com.qa.opencart.tests.LoginPageTest@4bf3798b]" started-at="2023-10-14T20:51:08 GMT-04:00" name="setup" finished-at="2023-10-14T20:51:18 GMT-04:00" duration-ms="9345" status="PASS">
          <params>
            <param index="0">
              <value>
                <![CDATA[edge]]>
              </value>
            </param>
          </params>
          <reporter-output>
          </reporter-output>
        </test-method> <!-- setup -->
        <test-method signature="loginPageNavigationTest()[pri:1, instance:com.qa.opencart.tests.LoginPageTest@4bf3798b]" started-at="2023-10-14T20:51:18 GMT-04:00" name="loginPageNavigationTest" finished-at="2023-10-14T20:51:20 GMT-04:00" duration-ms="2717" status="PASS">
          <reporter-output>
          </reporter-output>
        </test-method> <!-- loginPageNavigationTest -->
        <test-method signature="ForgetPasswordLinkExistTest()[pri:2, instance:com.qa.opencart.tests.LoginPageTest@4bf3798b]" started-at="2023-10-14T20:51:21 GMT-04:00" name="ForgetPasswordLinkExistTest" finished-at="2023-10-14T20:51:21 GMT-04:00" duration-ms="37" status="PASS">
          <reporter-output>
          </reporter-output>
        </test-method> <!-- ForgetPasswordLinkExistTest -->
        <test-method signature="appLoginTest()[pri:3, instance:com.qa.opencart.tests.LoginPageTest@4bf3798b]" started-at="2023-10-14T20:51:21 GMT-04:00" name="appLoginTest" finished-at="2023-10-14T20:51:32 GMT-04:00" duration-ms="10962" status="PASS">
          <reporter-output>
          </reporter-output>
        </test-method> <!-- appLoginTest -->
        <test-method is-config="true" signature="tearDown()[pri:0, instance:com.qa.opencart.tests.LoginPageTest@4bf3798b]" started-at="2023-10-14T20:51:32 GMT-04:00" name="tearDown" finished-at="2023-10-14T20:51:33 GMT-04:00" duration-ms="352" status="PASS">
          <reporter-output>
          </reporter-output>
        </test-method> <!-- tearDown -->
      </class> <!-- com.qa.opencart.tests.LoginPageTest -->
    </test> <!-- Login to Home Page Test2 -->
  </suite> <!-- Open Cart Test Regression PW Suite -->
</testng-results>
